[INFO] FILEIO: [assets/textures/none.png] File loaded successfully
[INFO] IMAGE: Data loaded successfully (1x1 | R8G8B8A8 | 1 mipmaps)
[INFO] FILEIO: [assets/textures/ceiling1.png] File loaded successfully
[INFO] IMAGE: Data loaded successfully (64x64 | R8G8B8A8 | 1 mipmaps)
[INFO] FILEIO: [assets/textures/floor1.png] File loaded successfully
[INFO] IMAGE: Data loaded successfully (64x64 | R8G8B8A8 | 1 mipmaps)
[INFO] FILEIO: [assets/textures/wall1.png] File loaded successfully
[INFO] IMAGE: Data loaded successfully (64x64 | R8G8B8A8 | 1 mipmaps)
[INFO] FILEIO: [assets/textures/floor2.png] File loaded successfully
[INFO] IMAGE: Data loaded successfully (64x64 | R8G8B8A8 | 1 mipmaps)
[INFO] FILEIO: [assets/textures/wall2.png] File loaded successfully
[INFO] IMAGE: Data loaded successfully (64x64 | R8G8B8A8 | 1 mipmaps)
[INFO] FILEIO: [assets/textures/ceiling1lamp.png] File loaded successfully
[INFO] IMAGE: Data loaded successfully (64x64 | R8G8B8A8 | 1 mipmaps)
[INFO] FILEIO: [assets/textures/ceiling2lamp.png] File loaded successfully
[INFO] IMAGE: Data loaded successfully (64x64 | R8G8B8A8 | 1 mipmaps)
[INFO] FILEIO: [assets/textures/wall1alt1.png] File loaded successfully
[INFO] IMAGE: Data loaded successfully (64x64 | R8G8B8A8 | 1 mipmaps)
[INFO] FILEIO: [assets/textures/wall2alt1.png] File loaded successfully
[INFO] IMAGE: Data loaded successfully (64x64 | R8G8B8A8 | 1 mipmaps)
[INFO] FILEIO: [assets/textures/wall1alt2.png] File loaded successfully
[INFO] IMAGE: Data loaded successfully (64x64 | R8G8B8A8 | 1 mipmaps)
[INFO] FILEIO: [assets/textures/wall2alt2.png] File loaded successfully
[INFO] IMAGE: Data loaded successfully (64x64 | R8G8B8A8 | 1 mipmaps)
[INFO] FILEIO: [assets/textures/floor1alt1.png] File loaded successfully
[INFO] IMAGE: Data loaded successfully (64x64 | R8G8B8A8 | 1 mipmaps)
[INFO] FILEIO: [assets/textures/floor2alt1.png] File loaded successfully
[INFO] IMAGE: Data loaded successfully (64x64 | R8G8B8A8 | 1 mipmaps)
[INFO] FILEIO: [assets/textures/wall1scribbles1.png] File loaded successfully
[INFO] IMAGE: Data loaded successfully (64x64 | R8G8B8A8 | 1 mipmaps)
[INFO] FILEIO: [assets/textures/wall1scribbles2.png] File loaded successfully
[INFO] IMAGE: Data loaded successfully (64x64 | R8G8B8A8 | 1 mipmaps)
[INFO] FILEIO: [assets/textures/wall1scribbles3a.png] File loaded successfully
[INFO] IMAGE: Data loaded successfully (64x64 | R8G8B8A8 | 1 mipmaps)
[INFO] FILEIO: [assets/textures/wall1scribbles3b.png] File loaded successfully
[INFO] IMAGE: Data loaded successfully (64x64 | R8G8B8A8 | 1 mipmaps)
[INFO] FILEIO: [assets/textures/wall1stain1.png] File loaded successfully
[INFO] IMAGE: Data loaded successfully (64x64 | R8G8B8A8 | 1 mipmaps)
[INFO] FILEIO: [assets/textures/wall1stain2.png] File loaded successfully
[INFO] IMAGE: Data loaded successfully (64x64 | R8G8B8A8 | 1 mipmaps)
[INFO] FILEIO: [assets/textures/ceilingvoidlamp.png] File loaded successfully
[INFO] IMAGE: Data loaded successfully (64x64 | R8G8B8A8 | 1 mipmaps)
[INFO] FILEIO: [assets/textures/wall1scribbles4a.png] File loaded successfully
[INFO] IMAGE: Data loaded successfully (64x64 | R8G8B8A8 | 1 mipmaps)
[INFO] FILEIO: [assets/textures/wall1scribbles4b.png] File loaded successfully
[INFO] IMAGE: Data loaded successfully (64x64 | R8G8B8A8 | 1 mipmaps)
[INFO] FILEIO: [assets/textures/floor1arrow1.png] File loaded successfully
[INFO] IMAGE: Data loaded successfully (64x64 | R8G8B8A8 | 1 mipmaps)
[INFO] FILEIO: [assets/textures/floor1arrow2.png] File loaded successfully
[INFO] IMAGE: Data loaded successfully (64x64 | R8G8B8A8 | 1 mipmaps)
[INFO] FILEIO: [assets/textures/floor1arrow3.png] File loaded successfully
[INFO] IMAGE: Data loaded successfully (64x64 | R8G8B8A8 | 1 mipmaps)
[INFO] FILEIO: [assets/textures/floor1arrow4.png] File loaded successfully
[INFO] IMAGE: Data loaded successfully (64x64 | R8G8B8A8 | 1 mipmaps)
[INFO] FILEIO: [assets/textures/floor1arrow5.png] File loaded successfully
[INFO] IMAGE: Data loaded successfully (64x64 | R8G8B8A8 | 1 mipmaps)
[INFO] FILEIO: [assets/textures/floor1arrow6.png] File loaded successfully
[INFO] IMAGE: Data loaded successfully (64x64 | R8G8B8A8 | 1 mipmaps)
[INFO] FILEIO: [assets/textures/wall1arrow1.png] File loaded successfully
[INFO] IMAGE: Data loaded successfully (64x64 | R8G8B8A8 | 1 mipmaps)
[INFO] FILEIO: [assets/textures/wall1arrow2.png] File loaded successfully
[INFO] IMAGE: Data loaded successfully (64x64 | R8G8B8A8 | 1 mipmaps)
[INFO] FILEIO: [assets/textures/floor2arrow1.png] File loaded successfully
[INFO] IMAGE: Data loaded successfully (64x64 | R8G8B8A8 | 1 mipmaps)
[INFO] FILEIO: [assets/textures/floor2arrow2.png] File loaded successfully
[INFO] IMAGE: Data loaded successfully (64x64 | R8G8B8A8 | 1 mipmaps)
[INFO] FILEIO: [assets/textures/floor2arrow3.png] File loaded successfully
[INFO] IMAGE: Data loaded successfully (64x64 | R8G8B8A8 | 1 mipmaps)
[INFO] FILEIO: [assets/textures/floor2arrow4.png] File loaded successfully
[INFO] IMAGE: Data loaded successfully (64x64 | R8G8B8A8 | 1 mipmaps)
[INFO] FILEIO: [assets/textures/floor2arrow5.png] File loaded successfully
[INFO] IMAGE: Data loaded successfully (64x64 | R8G8B8A8 | 1 mipmaps)
[INFO] FILEIO: [assets/textures/floor2arrow6.png] File loaded successfully
[INFO] IMAGE: Data loaded successfully (64x64 | R8G8B8A8 | 1 mipmaps)
[INFO] FILEIO: [assets/textures/floor3.png] File loaded successfully
[INFO] IMAGE: Data loaded successfully (64x64 | R8G8B8A8 | 1 mipmaps)
[INFO] FILEIO: [assets/textures/ceiling3.png] File loaded successfully
[INFO] IMAGE: Data loaded successfully (64x64 | R8G8B8A8 | 1 mipmaps)
[INFO] FILEIO: [assets/textures/ceiling3lamp.png] File loaded successfully
[INFO] IMAGE: Data loaded successfully (64x64 | R8G8B8A8 | 1 mipmaps)
[INFO] FILEIO: [assets/textures/wall3.png] File loaded successfully
[INFO] IMAGE: Data loaded successfully (64x64 | R8G8B8A8 | 1 mipmaps)
[INFO] FILEIO: [assets/textures/wall3alt1.png] File loaded successfully
[INFO] IMAGE: Data loaded successfully (64x64 | R8G8B8A8 | 1 mipmaps)
[INFO] FILEIO: [assets/textures/wall3alt2.png] File loaded successfully
[INFO] IMAGE: Data loaded successfully (64x64 | R8G8B8A8 | 1 mipmaps)
[INFO] FILEIO: [assets/textures/wall4.png] File loaded successfully
[INFO] IMAGE: Data loaded successfully (64x64 | R8G8B8A8 | 1 mipmaps)
[INFO] FILEIO: [assets/textures/wall4lever.png] File loaded successfully
[INFO] IMAGE: Data loaded successfully (64x64 | R8G8B8A8 | 1 mipmaps)
[INFO] FILEIO: [assets/textures/floor4.png] File loaded successfully
[INFO] IMAGE: Data loaded successfully (64x64 | R8G8B8A8 | 1 mipmaps)
[INFO] FILEIO: [assets/textures/ceiling4.png] File loaded successfully
[INFO] IMAGE: Data loaded successfully (64x64 | R8G8B8A8 | 1 mipmaps)
[INFO] FILEIO: [assets/textures/ceiling4lamp.png] File loaded successfully
[INFO] IMAGE: Data loaded successfully (64x64 | R8G8B8A8 | 1 mipmaps)
[INFO] FILEIO: [assets/textures/door1.png] File loaded successfully
[INFO] IMAGE: Data loaded successfully (64x64 | R8G8B8A8 | 1 mipmaps)
[INFO] FILEIO: [assets/textures/door1sidewall.png] File loaded successfully
[INFO] IMAGE: Data loaded successfully (64x64 | R8G8B8A8 | 1 mipmaps)
[INFO] FILEIO: [assets/textures/ceiling1lampoff.png] File loaded successfully
[INFO] IMAGE: Data loaded successfully (64x64 | R8G8B8A8 | 1 mipmaps)
[INFO] FILEIO: [assets/textures/ceiling2lampoff.png] File loaded successfully
[INFO] IMAGE: Data loaded successfully (64x64 | R8G8B8A8 | 1 mipmaps)
[INFO] Initializing raylib 5.0
[INFO] Platform backend: DESKTOP (GLFW)
[INFO] Supported raylib modules:
[INFO]     > rcore:..... loaded (mandatory)
[INFO]     > rlgl:...... loaded (mandatory)
[INFO]     > rshapes:... loaded (optional)
[INFO]     > rtextures:. loaded (optional)
[INFO]     > rtext:..... loaded (optional)
[INFO]     > rmodels:... loaded (optional)
[INFO]     > raudio:.... loaded (optional)
[INFO] DISPLAY: Device initialized successfully
[INFO]     > Display size: 1920 x 1080
[INFO]     > Screen size:  320 x 240
[INFO]     > Render size:  320 x 240
[INFO]     > Viewport offsets: 0, 0
[INFO] GLAD: OpenGL extensions loaded successfully
[INFO] GL: Supported extensions count: 230
[INFO] GL: OpenGL device information:
[INFO]     > Vendor:   Intel
[INFO]     > Renderer: Intel(R) UHD Graphics
[INFO]     > Version:  3.3.0 - Build 26.20.100.7985
[INFO]     > GLSL:     3.30 - Build 26.20.100.7985
[INFO] GL: VAO extension detected, VAO functions loaded successfully
[INFO] GL: NPOT textures extension detected, full NPOT textures supported
[INFO] GL: DXT compressed textures supported
[INFO] GL: ETC2/EAC compressed textures supported
[INFO] GL: ASTC compressed textures supported
[INFO] PLATFORM: DESKTOP (GLFW): Initialized successfully
[INFO] TEXTURE: [ID 1] Texture loaded successfully (1x1 | R8G8B8A8 | 1 mipmaps)
[INFO] TEXTURE: [ID 1] Default texture loaded successfully
[INFO] SHADER: [ID 1] Vertex shader compiled successfully
[INFO] SHADER: [ID 2] Fragment shader compiled successfully
[INFO] SHADER: [ID 3] Program shader loaded successfully
[INFO] SHADER: [ID 3] Default shader loaded successfully
[INFO] RLGL: Render batch vertex buffers loaded successfully in RAM (CPU)
[INFO] RLGL: Render batch vertex buffers loaded successfully in VRAM (GPU)
[INFO] RLGL: Default OpenGL state initialized successfully
[INFO] TEXTURE: [ID 2] Texture loaded successfully (128x128 | GRAY_ALPHA | 1 mipmaps)
[INFO] FONT: Default font loaded successfully (224 glyphs)
[INFO] TIMER: Target time per frame: 6.944 milliseconds
[INFO] TEXTURE: [ID 3] Texture loaded successfully (512x1024 | R8G8B8A8 | 1 mipmaps)
[INFO] TEXTURE: [ID 4] Texture loaded successfully (1920x1080 | R8G8B8A8 | 1 mipmaps)
[INFO] TEXTURE: [ID 1] Depth renderbuffer loaded successfully (32 bits)
[INFO] FBO: [ID 1] Framebuffer object created successfully
[INFO] TEXTURE: [ID 5] Texture loaded successfully (4096x4096 | R8G8B8A8 | 1 mipmaps)
[INFO] FILEIO: [assets/shaders/vert.glsl] Text file loaded successfully
[INFO] FILEIO: [assets/shaders/frag.glsl] Text file loaded successfully
[INFO] SHADER: [ID 4] Vertex shader compiled successfully
[INFO] SHADER: [ID 5] Fragment shader compiled successfully
[INFO] SHADER: [ID 6] Program shader loaded successfully
[INFO] Generated level mesh with 56 verts and 28 triangles.
[INFO] Generated level mesh with 32 verts and 16 triangles.
[INFO] Generated level mesh with 96 verts and 48 triangles.
[INFO] Generated level mesh with 32 verts and 16 triangles.
[INFO] Generated level mesh with 48 verts and 24 triangles.
[INFO] Generated level mesh with 6272 verts and 76 triangles.
[INFO] Generated level mesh with 24704 verts and 6912 triangles.
[INFO] Generated level mesh with 16512 verts and 2816 triangles.
[INFO] Generated level mesh with 16512 verts and 2816 triangles.
[INFO] Generated level mesh with 20608 verts and 4864 triangles.
[INFO] Generated level mesh with 34944 verts and 12032 triangles.
[INFO] Generated level mesh with 34944 verts and 12032 triangles.
[INFO] Generated level mesh with 41088 verts and 15104 triangles.
[INFO] Generated level mesh with 45184 verts and 17152 triangles.
[INFO] Generated level mesh with 53376 verts and 21248 triangles.
[INFO] Generated level mesh with 61568 verts and 25344 triangles.
[INFO] Generated level mesh with 63616 verts and 26368 triangles.
[INFO] Generated level mesh with 65664 verts and 27392 triangles.
[INFO] Generated level mesh with 67712 verts and 28416 triangles.
[INFO] Generated level mesh with 65664 verts and 27392 triangles.
[INFO] Generated level mesh with 69760 verts and 29440 triangles.
[INFO] Generated level mesh with 65664 verts and 27392 triangles.
[INFO] Generated level mesh with 65664 verts and 27392 triangles.
[INFO] Generated level mesh with 77952 verts and 33536 triangles.
[INFO] Generated level mesh with 73856 verts and 31488 triangles.
[INFO] Generated level mesh with 82048 verts and 35584 triangles.
[INFO] Generated level mesh with 82048 verts and 35584 triangles.
[INFO] Generated level mesh with 73856 verts and 31488 triangles.
[INFO] Generated level mesh with 86144 verts and 37632 triangles.
[INFO] Generated level mesh with 82048 verts and 35584 triangles.
[INFO] Generated level mesh with 73856 verts and 31488 triangles.
[INFO] Generated level mesh with 90240 verts and 39680 triangles.
[INFO] Generated level mesh with 82048 verts and 35584 triangles.
[INFO] Generated level mesh with 88192 verts and 38656 triangles.
[INFO] Generated level mesh with 94336 verts and 41728 triangles.
[INFO] Generated level mesh with 94336 verts and 41728 triangles.
[INFO] Generated level mesh with 94336 verts and 41728 triangles.
[INFO] Generated level mesh with 98432 verts and 43776 triangles.
[INFO] Generated level mesh with 102528 verts and 45824 triangles.
[INFO] Generated level mesh with 98432 verts and 43776 triangles.
[INFO] Generated level mesh with 98432 verts and 43776 triangles.
[INFO] Generated level mesh with 108672 verts and 48896 triangles.
[INFO] Generated level mesh with 106624 verts and 47872 triangles.
[INFO] Generated level mesh with 102528 verts and 45824 triangles.
[INFO] Generated level mesh with 98432 verts and 43776 triangles.
[INFO] Generated level mesh with 110720 verts and 49920 triangles.
[INFO] Generated level mesh with 98432 verts and 43776 triangles.
[INFO] Generated level mesh with 102528 verts and 45824 triangles.
[INFO] Generated level mesh with 108672 verts and 48896 triangles.
[INFO] Generated level mesh with 104576 verts and 46848 triangles.
[INFO] Generated level mesh with 108672 verts and 48896 triangles.
[INFO] Generated level mesh with 114816 verts and 51968 triangles.
[INFO] Generated level mesh with 118912 verts and 54016 triangles.
[INFO] Generated level mesh with 110720 verts and 49920 triangles.
[INFO] Generated level mesh with 112768 verts and 50944 triangles.
[INFO] Generated level mesh with 120960 verts and 55040 triangles.
[INFO] Generated level mesh with 108672 verts and 48896 triangles.
[INFO] Generated level mesh with 114816 verts and 51968 triangles.
[INFO] Generated level mesh with 118912 verts and 54016 triangles.
[INFO] Generated level mesh with 112768 verts and 50944 triangles.
[INFO] Generated level mesh with 112768 verts and 50944 triangles.
[INFO] Generated level mesh with 120960 verts and 55040 triangles.
[INFO] Generated level mesh with 114816 verts and 51968 triangles.
[INFO] Generated level mesh with 123008 verts and 56064 triangles.
[INFO] Generated level mesh with 123008 verts and 56064 triangles.
[INFO] Generated level mesh with 118912 verts and 54016 triangles.
[INFO] Generated level mesh with 114816 verts and 51968 triangles.
[INFO] Generated level mesh with 123008 verts and 56064 triangles.
[INFO] Generated level mesh with 133248 verts and 61184 triangles.
[INFO] Generated level mesh with 131200 verts and 60160 triangles.
[INFO] Generated level mesh with 131200 verts and 60160 triangles.
[INFO] Generated level mesh with 129152 verts and 59136 triangles.
[INFO] Generated level mesh with 129152 verts and 59136 triangles.
[INFO] Generated level mesh with 129152 verts and 59136 triangles.
[INFO] Generated level mesh with 135296 verts and 62208 triangles.
[INFO] Generated level mesh with 133248 verts and 61184 triangles.
[INFO] Generated level mesh with 151680 verts and 70400 triangles.
[INFO] Generated level mesh with 149632 verts and 69376 triangles.
[INFO] Generated level mesh with 147584 verts and 68352 triangles.
[INFO] TEXTURE: [ID 3] Unloaded texture data from VRAM (GPU)
[INFO] TEXTURE: [ID 2] Unloaded texture data from VRAM (GPU)
[INFO] SHADER: [ID 3] Default shader unloaded successfully
[INFO] TEXTURE: [ID 1] Default texture unloaded successfully
[INFO] Window closed successfully
[WARN] GLFW: Error: 65537 Description: The GLFW library is not initialized
